<html>
<body>
<pre>
<h1>µVision Build Log</h1>
<h2>Project:</h2>
C:\Users\Martin\Desktop\BP\ST\test\STM32Cube_FW_F4_V1.3.0\Projects\STM324xG_EVAL\BP\MDK-ARM\Project.uvproj
Project File Date:  09/25/2014

<h2>Output:</h2>
Build target 'STM3240G-EVAL'
compiling main.c...
linking...
Program Size: Code=25920 RO-data=732 RW-data=236 ZI-data=33684  
"STM3240G-EVAL\STM3240G-EVAL.axf" - 0 Error(s), 0 Warning(s).
Load "STM3240G-EVAL\\STM3240G-EVAL.axf" 
Erase Done.
Programming Done.
Verify OK.
</pre>
</body>
</html>
.
ator_accept(void *arg, struct tcp_pcb *newpcb, err_t err) {
..\Src\concentrator.c: 1 warning, 0 errors
linking...
Program Size: Code=27614 RO-data=734 RW-data=236 ZI-data=33684  
"STM3240G-EVAL\STM3240G-EVAL.axf" - 0 Error(s), 1 Warning(s).
Load "STM3240G-EVAL\\STM3240G-EVAL.axf" 
Erase Done.
Programming Done.
Verify OK.
Warning(s).
Load "STM3240G-EVAL\\STM3240G-EVAL.axf" 
Erase Done.
Programming Done.
Verify OK.
LOSING)
..\Src\concentrator.c(261): error:  #20: identifier "ES_CLOSING" is undefined
      if(es->state == ES_CLOSING)
..\Src\concentrator.c: 0 warnings, 7 errors
"STM3240G-EVAL\STM3240G-EVAL.axf" - 7 Error(s), 0 Warning(s).
Target not created
_accept" is undefined
        tcp_accept(tcp_echoserver_pcb, tcp_echoserver_accept); //initialize LwIP tcp_accept callback function
..\Src\concentrator.c(17): warning:  #223-D: function "memp_free" declared implicitly
        memp_free(MEMP_TCP_PCB, tcp_echoserver_pcb); //deallocate the pcb
..\Src\concentrator.c(17): error:  #20: identifier "MEMP_TCP_PCB" is undefined
        memp_free(MEMP_TCP_PCB, tcp_echoserver_pcb); //deallocate the pcb
..\Src\concentrator.c: 5 warnings, 3 errors
"STM3240G-EVAL\STM3240G-EVAL.axf" - 3 Error(s), 5 Warning(s).
Target not created
2f4xx_hal_spi.c...
compiling stm32f4xx_hal_sram.c...
compiling stm32f4xx_hal_tim.c...
compiling stm32f4xx_hal_tim_ex.c...
compiling stm32f4xx_hal_uart.c...
compiling stm32f4xx_hal_usart.c...
compiling stm32f4xx_hal_wwdg.c...
compiling stm32f4xx_ll_sdmmc.c...
compiling stm32f4xx_ll_usb.c...
compiling stm32f4xx_hal_i2s_ex.c...
compiling stm32f4xx_ll_fsmc.c...
assembling startup_stm32f407xx.s...
compiling main.c...
compiling stm32f4xx_hal_msp.c...
compiling stm32f4xx_it.c...
compiling ethernetif.c...
compiling app_ethernet.c...
compiling concentrator.c...
compiling api_lib.c...
compiling api_msg.c...
compiling err.c...
compiling netbuf.c...
compiling netdb.c...
compiling netifapi.c...
compiling sockets.c...
compiling tcpip.c...
compiling def.c...
compiling dhcp.c...
compiling dns.c...
compiling init.c...
compiling lwip_timers.c...
compiling mem.c...
compiling memp.c...
compiling netif.c...
compiling pbuf.c...
compiling raw.c...
compiling stats.c...
compiling sys.c...
compiling tcp.c...
compiling tcp_in.c...
compiling tcp_out.c...
compiling udp.c...
compiling autoip.c...
compiling icmp.c...
compiling igmp.c...
compiling inet.c...
compiling inet_chksum.c...
compiling ip.c...
compiling ip_addr.c...
compiling ip_frag.c...
compiling etharp.c...
linking...
STM3240G-EVAL\STM3240G-EVAL.axf: Error: L6218E: Undefined symbol concentrator_init (referred from main.o).
Not enough information to list image symbols.
Finished: 1 information, 0 warning and 1 error messages.
"STM3240G-EVAL\STM3240G-EVAL.axf" - 1 Error(s), 0 Warning(s).
Target not created
